Determining if the function wsyncup exists in the /usr/lib/x86_64-linux-gnu/libcurses.so passed with the following output:
Change Dir: /content/CMake/Source/Checks/Curses-build/CMakeFiles/CMakeTmp

Run Build Command(s):/usr/bin/make -f Makefile cmTC_5a346/fast && make  -f CMakeFiles/cmTC_5a346.dir/build.make CMakeFiles/cmTC_5a346.dir/build
make[1]: Entering directory '/content/CMake/Source/Checks/Curses-build/CMakeFiles/CMakeTmp'
Building C object CMakeFiles/cmTC_5a346.dir/CheckFunctionExists.c.o
/usr/bin/gcc   -DCHECK_FUNCTION_EXISTS=wsyncup -o CMakeFiles/cmTC_5a346.dir/CheckFunctionExists.c.o -c /content/CMake/Modules/CheckFunctionExists.c
Linking C executable cmTC_5a346
/content/CMake/Bootstrap.cmk/cmake -E cmake_link_script CMakeFiles/cmTC_5a346.dir/link.txt --verbose=1
/usr/bin/gcc  -DCHECK_FUNCTION_EXISTS=wsyncup -rdynamic CMakeFiles/cmTC_5a346.dir/CheckFunctionExists.c.o -o cmTC_5a346  -lcurses 
make[1]: Leaving directory '/content/CMake/Source/Checks/Curses-build/CMakeFiles/CMakeTmp'



Determining if the function cbreak exists in the /usr/lib/x86_64-linux-gnu/libncurses.so passed with the following output:
Change Dir: /content/CMake/Source/Checks/Curses-build/CMakeFiles/CMakeTmp

Run Build Command(s):/usr/bin/make -f Makefile cmTC_17678/fast && make  -f CMakeFiles/cmTC_17678.dir/build.make CMakeFiles/cmTC_17678.dir/build
make[1]: Entering directory '/content/CMake/Source/Checks/Curses-build/CMakeFiles/CMakeTmp'
Building C object CMakeFiles/cmTC_17678.dir/CheckFunctionExists.c.o
/usr/bin/gcc   -DCHECK_FUNCTION_EXISTS=cbreak -o CMakeFiles/cmTC_17678.dir/CheckFunctionExists.c.o -c /content/CMake/Modules/CheckFunctionExists.c
Linking C executable cmTC_17678
/content/CMake/Bootstrap.cmk/cmake -E cmake_link_script CMakeFiles/cmTC_17678.dir/link.txt --verbose=1
/usr/bin/gcc  -DCHECK_FUNCTION_EXISTS=cbreak -rdynamic CMakeFiles/cmTC_17678.dir/CheckFunctionExists.c.o -o cmTC_17678  -lncurses 
make[1]: Leaving directory '/content/CMake/Source/Checks/Curses-build/CMakeFiles/CMakeTmp'



Determining if the function nodelay exists in the /usr/lib/x86_64-linux-gnu/libncurses.so passed with the following output:
Change Dir: /content/CMake/Source/Checks/Curses-build/CMakeFiles/CMakeTmp

Run Build Command(s):/usr/bin/make -f Makefile cmTC_e1849/fast && make  -f CMakeFiles/cmTC_e1849.dir/build.make CMakeFiles/cmTC_e1849.dir/build
make[1]: Entering directory '/content/CMake/Source/Checks/Curses-build/CMakeFiles/CMakeTmp'
Building C object CMakeFiles/cmTC_e1849.dir/CheckFunctionExists.c.o
/usr/bin/gcc   -DCHECK_FUNCTION_EXISTS=nodelay -o CMakeFiles/cmTC_e1849.dir/CheckFunctionExists.c.o -c /content/CMake/Modules/CheckFunctionExists.c
Linking C executable cmTC_e1849
/content/CMake/Bootstrap.cmk/cmake -E cmake_link_script CMakeFiles/cmTC_e1849.dir/link.txt --verbose=1
/usr/bin/gcc  -DCHECK_FUNCTION_EXISTS=nodelay -rdynamic CMakeFiles/cmTC_e1849.dir/CheckFunctionExists.c.o -o cmTC_e1849  -lncurses 
make[1]: Leaving directory '/content/CMake/Source/Checks/Curses-build/CMakeFiles/CMakeTmp'



